# JRE version: OpenJDK Runtime Environment Temurin-21.0.7+6 (21.0.7+6) (build 21.0.7+6-LTS)
# Java VM: OpenJDK 64-Bit Server VM Temurin-21.0.7+6 (21.0.7+6-LTS, mixed mode, sharing, tiered, compressed oops, compressed class ptrs, parallel gc, windows-amd64)
GC Precious Log:
 CardTable entry size: 512
 CPUs: 4 total, 4 available
 Memory: 7879M
 Large Page Support: Disabled
 NUMA Support: Disabled
 Compressed Oops: Enabled (32-bit)
 Alignments: Space 512K, Generation 512K, Heap 2M
 Heap Min Capacity: 100M
 Heap Initial Capacity: 100M
 Heap Max Capacity: 1G
 Pre-touch: Disabled
 Parallel Workers: 4
Heap:
 PSYoungGen      total 1536K, used 208K [0x00000000eab00000, 0x00000000ead80000, 0x0000000100000000)
  eden space 1024K, 1% used [0x00000000eab00000,0x00000000eab04010,0x00000000eac00000)
  from space 512K, 37% used [0x00000000ead00000,0x00000000ead30000,0x00000000ead80000)
  to   space 512K, 0% used [0x00000000eac80000,0x00000000eac80000,0x00000000ead00000)
 ParOldGen       total 511488K, used 510976K [0x00000000c0000000, 0x00000000df380000, 0x00000000eab00000)
  object space 511488K, 99% used [0x00000000c0000000,0x00000000df300208,0x00000000df380000)
 Metaspace       used 72439K, committed 73984K, reserved 1179648K
  class space    used 7347K, committed 8000K, reserved 1048576K
GC Heap History (20 events):
Event: 251.757 GC heap before
{Heap before GC invocations=1237 (full 3):
 PSYoungGen      total 3584K, used 3456K [0x00000000eab00000, 0x00000000eaf00000, 0x0000000100000000)
  eden space 3072K, 100% used [0x00000000eab00000,0x00000000eae00000,0x00000000eae00000)
  from space 512K, 75% used [0x00000000eae00000,0x00000000eae60000,0x00000000eae80000)
  to   space 512K, 0% used [0x00000000eae80000,0x00000000eae80000,0x00000000eaf00000)
 ParOldGen       total 504832K, used 504442K [0x00000000c0000000, 0x00000000ded00000, 0x00000000eab00000)
  object space 504832K, 99% used [0x00000000c0000000,0x00000000dec9ea98,0x00000000ded00000)
 Metaspace       used 72436K, committed 73984K, reserved 1179648K
  class space    used 7347K, committed 8000K, reserved 1048576K
}
Event: 251.759 GC heap after
{Heap after GC invocations=1237 (full 3):
 PSYoungGen      total 3584K, used 407K [0x00000000eab00000, 0x00000000eaf00000, 0x0000000100000000)
  eden space 3072K, 0% used [0x00000000eab00000,0x00000000eab00000,0x00000000eae00000)
  from space 512K, 79% used [0x00000000eae80000,0x00000000eaee5c68,0x00000000eaf00000)
  to   space 512K, 0% used [0x00000000eae00000,0x00000000eae00000,0x00000000eae80000)
 ParOldGen       total 504832K, used 504744K [0x00000000c0000000, 0x00000000ded00000, 0x00000000eab00000)
  object space 504832K, 99% used [0x00000000c0000000,0x00000000decea220,0x00000000ded00000)
 Metaspace       used 72436K, committed 73984K, reserved 1179648K
  class space    used 7347K, committed 8000K, reserved 1048576K
}
Event: 251.774 GC heap before
{Heap before GC invocations=1238 (full 3):
 PSYoungGen      total 3584K, used 3479K [0x00000000eab00000, 0x00000000eaf00000, 0x0000000100000000)
  eden space 3072K, 100% used [0x00000000eab00000,0x00000000eae00000,0x00000000eae00000)
  from space 512K, 79% used [0x00000000eae80000,0x00000000eaee5c68,0x00000000eaf00000)
  to   space 512K, 0% used [0x00000000eae00000,0x00000000eae00000,0x00000000eae80000)
 ParOldGen       total 504832K, used 504744K [0x00000000c0000000, 0x00000000ded00000, 0x00000000eab00000)
  object space 504832K, 99% used [0x00000000c0000000,0x00000000decea220,0x00000000ded00000)
 Metaspace       used 72436K, committed 73984K, reserved 1179648K
  class space    used 7347K, committed 8000K, reserved 1048576K
}
Event: 251.778 GC heap after
{Heap after GC invocations=1238 (full 3):
 PSYoungGen      total 3584K, used 352K [0x00000000eab00000, 0x00000000eaf00000, 0x0000000100000000)
  eden space 3072K, 0% used [0x00000000eab00000,0x00000000eab00000,0x00000000eae00000)
  from space 512K, 68% used [0x00000000eae00000,0x00000000eae58000,0x00000000eae80000)
  to   space 512K, 0% used [0x00000000eae80000,0x00000000eae80000,0x00000000eaf00000)
 ParOldGen       total 505344K, used 505072K [0x00000000c0000000, 0x00000000ded80000, 0x00000000eab00000)
  object space 505344K, 99% used [0x00000000c0000000,0x00000000ded3c220,0x00000000ded80000)
 Metaspace       used 72436K, committed 73984K, reserved 1179648K
  class space    used 7347K, committed 8000K, reserved 1048576K
}
Event: 251.874 GC heap before
{Heap before GC invocations=1239 (full 3):
 PSYoungGen      total 3584K, used 3424K [0x00000000eab00000, 0x00000000eaf00000, 0x0000000100000000)
  eden space 3072K, 100% used [0x00000000eab00000,0x00000000eae00000,0x00000000eae00000)
  from space 512K, 68% used [0x00000000eae00000,0x00000000eae58000,0x00000000eae80000)
  to   space 512K, 0% used [0x00000000eae80000,0x00000000eae80000,0x00000000eaf00000)
 ParOldGen       total 505344K, used 505072K [0x00000000c0000000, 0x00000000ded80000, 0x00000000eab00000)
  object space 505344K, 99% used [0x00000000c0000000,0x00000000ded3c220,0x00000000ded80000)
 Metaspace       used 72436K, committed 73984K, reserved 1179648K
  class space    used 7347K, committed 8000K, reserved 1048576K
}
Event: 251.875 GC heap after
{Heap after GC invocations=1239 (full 3):
 PSYoungGen      total 3584K, used 416K [0x00000000eab00000, 0x00000000eaf00000, 0x0000000100000000)
  eden space 3072K, 0% used [0x00000000eab00000,0x00000000eab00000,0x00000000eae00000)
  from space 512K, 81% used [0x00000000eae80000,0x00000000eaee8000,0x00000000eaf00000)
  to   space 512K, 0% used [0x00000000eae00000,0x00000000eae00000,0x00000000eae80000)
 ParOldGen       total 505856K, used 505344K [0x00000000c0000000, 0x00000000dee00000, 0x00000000eab00000)
  object space 505856K, 99% used [0x00000000c0000000,0x00000000ded80220,0x00000000dee00000)
 Metaspace       used 72436K, committed 73984K, reserved 1179648K
  class space    used 7347K, committed 8000K, reserved 1048576K
}
Event: 251.890 GC heap before
{Heap before GC invocations=1240 (full 3):
 PSYoungGen      total 3584K, used 3402K [0x00000000eab00000, 0x00000000eaf00000, 0x0000000100000000)
  eden space 3072K, 97% used [0x00000000eab00000,0x00000000eadea9d8,0x00000000eae00000)
  from space 512K, 81% used [0x00000000eae80000,0x00000000eaee8000,0x00000000eaf00000)
  to   space 512K, 0% used [0x00000000eae00000,0x00000000eae00000,0x00000000eae80000)
 ParOldGen       total 505856K, used 505344K [0x00000000c0000000, 0x00000000dee00000, 0x00000000eab00000)
  object space 505856K, 99% used [0x00000000c0000000,0x00000000ded80220,0x00000000dee00000)
 Metaspace       used 72436K, committed 73984K, reserved 1179648K
  class space    used 7347K, committed 8000K, reserved 1048576K
}
Event: 251.891 GC heap after
{Heap after GC invocations=1240 (full 3):
 PSYoungGen      total 3584K, used 407K [0x00000000eab00000, 0x00000000eaf00000, 0x0000000100000000)
  eden space 3072K, 0% used [0x00000000eab00000,0x00000000eab00000,0x00000000eae00000)
  from space 512K, 79% used [0x00000000eae00000,0x00000000eae65e60,0x00000000eae80000)
  to   space 512K, 0% used [0x00000000eae80000,0x00000000eae80000,0x00000000eaf00000)
 ParOldGen       total 505856K, used 505688K [0x00000000c0000000, 0x00000000dee00000, 0x00000000eab00000)
  object space 505856K, 99% used [0x00000000c0000000,0x00000000dedd6220,0x00000000dee00000)
 Metaspace       used 72436K, committed 73984K, reserved 1179648K
  class space    used 7347K, committed 8000K, reserved 1048576K
}
Event: 252.031 GC heap before
{Heap before GC invocations=1241 (full 3):
 PSYoungGen      total 3584K, used 3479K [0x00000000eab00000, 0x00000000eaf00000, 0x0000000100000000)
  eden space 3072K, 100% used [0x00000000eab00000,0x00000000eae00000,0x00000000eae00000)
  from space 512K, 79% used [0x00000000eae00000,0x00000000eae65e60,0x00000000eae80000)
  to   space 512K, 0% used [0x00000000eae80000,0x00000000eae80000,0x00000000eaf00000)
 ParOldGen       total 505856K, used 505688K [0x00000000c0000000, 0x00000000dee00000, 0x00000000eab00000)
  object space 505856K, 99% used [0x00000000c0000000,0x00000000dedd6220,0x00000000dee00000)
 Metaspace       used 72437K, committed 73984K, reserved 1179648K
  class space    used 7347K, committed 8000K, reserved 1048576K
}
Event: 252.038 GC heap after
{Heap after GC invocations=1241 (full 3):
 PSYoungGen      total 1536K, used 497K [0x00000000eab00000, 0x00000000eb300000, 0x0000000100000000)
  eden space 1024K, 0% used [0x00000000eab00000,0x00000000eab00000,0x00000000eac00000)
  from space 512K, 97% used [0x00000000eae80000,0x00000000eaefc400,0x00000000eaf00000)
  to   space 2560K, 0% used [0x00000000eac00000,0x00000000eac00000,0x00000000eae80000)
 ParOldGen       total 507904K, used 507416K [0x00000000c0000000, 0x00000000df000000, 0x00000000eab00000)
  object space 507904K, 99% used [0x00000000c0000000,0x00000000def86328,0x00000000df000000)
 Metaspace       used 72437K, committed 73984K, reserved 1179648K
  class space    used 7347K, committed 8000K, reserved 1048576K
}
Event: 252.306 GC heap before
{Heap before GC invocations=1242 (full 3):
 PSYoungGen      total 1536K, used 1521K [0x00000000eab00000, 0x00000000eb300000, 0x0000000100000000)
  eden space 1024K, 100% used [0x00000000eab00000,0x00000000eac00000,0x00000000eac00000)
  from space 512K, 97% used [0x00000000eae80000,0x00000000eaefc400,0x00000000eaf00000)
  to   space 2560K, 0% used [0x00000000eac00000,0x00000000eac00000,0x00000000eae80000)
 ParOldGen       total 507904K, used 507416K [0x00000000c0000000, 0x00000000df000000, 0x00000000eab00000)
  object space 507904K, 99% used [0x00000000c0000000,0x00000000def86328,0x00000000df000000)
 Metaspace       used 72437K, committed 73984K, reserved 1179648K
  class space    used 7347K, committed 8000K, reserved 1048576K
}
Event: 252.312 GC heap after
{Heap after GC invocations=1242 (full 3):
 PSYoungGen      total 2048K, used 1004K [0x00000000eab00000, 0x00000000eaf00000, 0x0000000100000000)
  eden space 1024K, 0% used [0x00000000eab00000,0x00000000eab00000,0x00000000eac00000)
  from space 1024K, 98% used [0x00000000eac00000,0x00000000eacfb200,0x00000000ead00000)
  to   space 1536K, 0% used [0x00000000ead80000,0x00000000ead80000,0x00000000eaf00000)
 ParOldGen       total 507904K, used 507782K [0x00000000c0000000, 0x00000000df000000, 0x00000000eab00000)
  object space 507904K, 99% used [0x00000000c0000000,0x00000000defe1b48,0x00000000df000000)
 Metaspace       used 72437K, committed 73984K, reserved 1179648K
  class space    used 7347K, committed 8000K, reserved 1048576K
}
Event: 252.336 GC heap before
{Heap before GC invocations=1243 (full 3):
 PSYoungGen      total 2048K, used 2028K [0x00000000eab00000, 0x00000000eaf00000, 0x0000000100000000)
  eden space 1024K, 100% used [0x00000000eab00000,0x00000000eac00000,0x00000000eac00000)
  from space 1024K, 98% used [0x00000000eac00000,0x00000000eacfb200,0x00000000ead00000)
  to   space 1536K, 0% used [0x00000000ead80000,0x00000000ead80000,0x00000000eaf00000)
 ParOldGen       total 507904K, used 507782K [0x00000000c0000000, 0x00000000df000000, 0x00000000eab00000)
  object space 507904K, 99% used [0x00000000c0000000,0x00000000defe1b48,0x00000000df000000)
 Metaspace       used 72437K, committed 73984K, reserved 1179648K
  class space    used 7347K, committed 8000K, reserved 1048576K
}
Event: 252.341 GC heap after
{Heap after GC invocations=1243 (full 3):
 PSYoungGen      total 2560K, used 1060K [0x00000000eab00000, 0x00000000eaf00000, 0x0000000100000000)
  eden space 1024K, 0% used [0x00000000eab00000,0x00000000eab00000,0x00000000eac00000)
  from space 1536K, 69% used [0x00000000ead80000,0x00000000eae89000,0x00000000eaf00000)
  to   space 1536K, 0% used [0x00000000eac00000,0x00000000eac00000,0x00000000ead80000)
 ParOldGen       total 508928K, used 508565K [0x00000000c0000000, 0x00000000df100000, 0x00000000eab00000)
  object space 508928K, 99% used [0x00000000c0000000,0x00000000df0a55e0,0x00000000df100000)
 Metaspace       used 72437K, committed 73984K, reserved 1179648K
  class space    used 7347K, committed 8000K, reserved 1048576K
}
Event: 252.509 GC heap before
{Heap before GC invocations=1244 (full 3):
 PSYoungGen      total 2560K, used 2084K [0x00000000eab00000, 0x00000000eaf00000, 0x0000000100000000)
  eden space 1024K, 100% used [0x00000000eab00000,0x00000000eac00000,0x00000000eac00000)
  from space 1536K, 69% used [0x00000000ead80000,0x00000000eae89000,0x00000000eaf00000)
  to   space 1536K, 0% used [0x00000000eac00000,0x00000000eac00000,0x00000000ead80000)
 ParOldGen       total 508928K, used 508565K [0x00000000c0000000, 0x00000000df100000, 0x00000000eab00000)
  object space 508928K, 99% used [0x00000000c0000000,0x00000000df0a55e0,0x00000000df100000)
 Metaspace       used 72437K, committed 73984K, reserved 1179648K
  class space    used 7347K, committed 8000K, reserved 1048576K
}
Event: 252.515 GC heap after
{Heap after GC invocations=1244 (full 3):
 PSYoungGen      total 2048K, used 945K [0x00000000eab00000, 0x00000000eae00000, 0x0000000100000000)
  eden space 1024K, 0% used [0x00000000eab00000,0x00000000eab00000,0x00000000eac00000)
  from space 1024K, 92% used [0x00000000eac00000,0x00000000eacec400,0x00000000ead00000)
  to   space 1024K, 0% used [0x00000000ead00000,0x00000000ead00000,0x00000000eae00000)
 ParOldGen       total 509952K, used 509572K [0x00000000c0000000, 0x00000000df200000, 0x00000000eab00000)
  object space 509952K, 99% used [0x00000000c0000000,0x00000000df1a1080,0x00000000df200000)
 Metaspace       used 72437K, committed 73984K, reserved 1179648K
  class space    used 7347K, committed 8000K, reserved 1048576K
}
Event: 252.888 GC heap before
{Heap before GC invocations=1245 (full 3):
 PSYoungGen      total 2048K, used 1969K [0x00000000eab00000, 0x00000000eae00000, 0x0000000100000000)
  eden space 1024K, 100% used [0x00000000eab00000,0x00000000eac00000,0x00000000eac00000)
  from space 1024K, 92% used [0x00000000eac00000,0x00000000eacec400,0x00000000ead00000)
  to   space 1024K, 0% used [0x00000000ead00000,0x00000000ead00000,0x00000000eae00000)
 ParOldGen       total 509952K, used 509572K [0x00000000c0000000, 0x00000000df200000, 0x00000000eab00000)
  object space 509952K, 99% used [0x00000000c0000000,0x00000000df1a1080,0x00000000df200000)
 Metaspace       used 72439K, committed 73984K, reserved 1179648K
  class space    used 7347K, committed 8000K, reserved 1048576K
}
Event: 252.898 GC heap after
{Heap after GC invocations=1245 (full 3):
 PSYoungGen      total 2048K, used 594K [0x00000000eab00000, 0x00000000eae00000, 0x0000000100000000)
  eden space 1024K, 0% used [0x00000000eab00000,0x00000000eab00000,0x00000000eac00000)
  from space 1024K, 58% used [0x00000000ead00000,0x00000000ead94a38,0x00000000eae00000)
  to   space 1024K, 0% used [0x00000000eac00000,0x00000000eac00000,0x00000000ead00000)
 ParOldGen       total 510464K, used 510365K [0x00000000c0000000, 0x00000000df280000, 0x00000000eab00000)
  object space 510464K, 99% used [0x00000000c0000000,0x00000000df2677d0,0x00000000df280000)
 Metaspace       used 72439K, committed 73984K, reserved 1179648K
  class space    used 7347K, committed 8000K, reserved 1048576K
}
Event: 252.907 GC heap before
{Heap before GC invocations=1246 (full 3):
 PSYoungGen      total 2048K, used 1618K [0x00000000eab00000, 0x00000000eae00000, 0x0000000100000000)
  eden space 1024K, 100% used [0x00000000eab00000,0x00000000eac00000,0x00000000eac00000)
  from space 1024K, 58% used [0x00000000ead00000,0x00000000ead94a38,0x00000000eae00000)
  to   space 1024K, 0% used [0x00000000eac00000,0x00000000eac00000,0x00000000ead00000)
 ParOldGen       total 510464K, used 510365K [0x00000000c0000000, 0x00000000df280000, 0x00000000eab00000)
  object space 510464K, 99% used [0x00000000c0000000,0x00000000df2677d0,0x00000000df280000)
 Metaspace       used 72439K, committed 73984K, reserved 1179648K
  class space    used 7347K, committed 8000K, reserved 1048576K
}
Event: 252.915 GC heap after
{Heap after GC invocations=1246 (full 3):
 PSYoungGen      total 2048K, used 128K [0x00000000eab00000, 0x00000000ead80000, 0x0000000100000000)
  eden space 1024K, 0% used [0x00000000eab00000,0x00000000eab00000,0x00000000eac00000)
  from space 1024K, 12% used [0x00000000eac00000,0x00000000eac20000,0x00000000ead00000)
  to   space 512K, 0% used [0x00000000ead00000,0x00000000ead00000,0x00000000ead80000)
 ParOldGen       total 510976K, used 510872K [0x00000000c0000000, 0x00000000df300000, 0x00000000eab00000)
  object space 510976K, 99% used [0x00000000c0000000,0x00000000df2e6208,0x00000000df300000)
 Metaspace       used 72439K, committed 73984K, reserved 1179648K
  class space    used 7347K, committed 8000K, reserved 1048576K
}

