# JRE version: OpenJDK Runtime Environment Temurin-21.0.7+6 (21.0.7+6) (build 21.0.7+6-LTS)
# Java VM: OpenJDK 64-Bit Server VM Temurin-21.0.7+6 (21.0.7+6-LTS, mixed mode, sharing, tiered, compressed oops, compressed class ptrs, parallel gc, windows-amd64)
GC Precious Log:
 CardTable entry size: 512
 CPUs: 4 total, 4 available
 Memory: 7879M
 Large Page Support: Disabled
 NUMA Support: Disabled
 Compressed Oops: Enabled (32-bit)
 Alignments: Space 512K, Generation 512K, Heap 2M
 Heap Min Capacity: 100M
 Heap Initial Capacity: 100M
 Heap Max Capacity: 1G
 Pre-touch: Disabled
 Parallel Workers: 4
Heap:
 PSYoungGen      total 16896K, used 7458K [0x00000000eab00000, 0x00000000ec000000, 0x0000000100000000)
  eden space 16384K, 42% used [0x00000000eab00000,0x00000000eb1cb738,0x00000000ebb00000)
  from space 512K, 97% used [0x00000000ebc80000,0x00000000ebcfd360,0x00000000ebd00000)
  to   space 1536K, 0% used [0x00000000ebe80000,0x00000000ebe80000,0x00000000ec000000)
 ParOldGen       total 68608K, used 55496K [0x00000000c0000000, 0x00000000c4300000, 0x00000000eab00000)
  object space 68608K, 80% used [0x00000000c0000000,0x00000000c3632298,0x00000000c4300000)
 Metaspace       used 55532K, committed 56768K, reserved 1114112K
  class space    used 5764K, committed 6336K, reserved 1048576K
GC Heap History (20 events):
Event: 32.140 GC heap before
{Heap before GC invocations=26 (full 2):
 PSYoungGen      total 24064K, used 24032K [0x00000000eab00000, 0x00000000ec980000, 0x0000000100000000)
  eden space 22016K, 100% used [0x00000000eab00000,0x00000000ec080000,0x00000000ec080000)
  from space 2048K, 98% used [0x00000000ec100000,0x00000000ec2f8010,0x00000000ec300000)
  to   space 4608K, 0% used [0x00000000ec500000,0x00000000ec500000,0x00000000ec980000)
 ParOldGen       total 68608K, used 33977K [0x00000000c0000000, 0x00000000c4300000, 0x00000000eab00000)
  object space 68608K, 49% used [0x00000000c0000000,0x00000000c212e778,0x00000000c4300000)
 Metaspace       used 47234K, committed 48576K, reserved 1114112K
  class space    used 4979K, committed 5568K, reserved 1048576K
}
Event: 32.149 GC heap after
{Heap after GC invocations=26 (full 2):
 PSYoungGen      total 24064K, used 1894K [0x00000000eab00000, 0x00000000ec700000, 0x0000000100000000)
  eden space 22016K, 0% used [0x00000000eab00000,0x00000000eab00000,0x00000000ec080000)
  from space 2048K, 92% used [0x00000000ec500000,0x00000000ec6d9aa8,0x00000000ec700000)
  to   space 3072K, 0% used [0x00000000ec100000,0x00000000ec100000,0x00000000ec400000)
 ParOldGen       total 68608K, used 35993K [0x00000000c0000000, 0x00000000c4300000, 0x00000000eab00000)
  object space 68608K, 52% used [0x00000000c0000000,0x00000000c2326788,0x00000000c4300000)
 Metaspace       used 47234K, committed 48576K, reserved 1114112K
  class space    used 4979K, committed 5568K, reserved 1048576K
}
Event: 32.774 GC heap before
{Heap before GC invocations=27 (full 2):
 PSYoungGen      total 24064K, used 23909K [0x00000000eab00000, 0x00000000ec700000, 0x0000000100000000)
  eden space 22016K, 99% used [0x00000000eab00000,0x00000000ec07fa08,0x00000000ec080000)
  from space 2048K, 92% used [0x00000000ec500000,0x00000000ec6d9aa8,0x00000000ec700000)
  to   space 3072K, 0% used [0x00000000ec100000,0x00000000ec100000,0x00000000ec400000)
 ParOldGen       total 68608K, used 35993K [0x00000000c0000000, 0x00000000c4300000, 0x00000000eab00000)
  object space 68608K, 52% used [0x00000000c0000000,0x00000000c2326788,0x00000000c4300000)
 Metaspace       used 48205K, committed 49408K, reserved 1114112K
  class space    used 5066K, committed 5632K, reserved 1048576K
}
Event: 32.779 GC heap after
{Heap after GC invocations=27 (full 2):
 PSYoungGen      total 24576K, used 2485K [0x00000000eab00000, 0x00000000ec680000, 0x0000000100000000)
  eden space 22016K, 0% used [0x00000000eab00000,0x00000000eab00000,0x00000000ec080000)
  from space 2560K, 97% used [0x00000000ec100000,0x00000000ec36d7e0,0x00000000ec380000)
  to   space 3072K, 0% used [0x00000000ec380000,0x00000000ec380000,0x00000000ec680000)
 ParOldGen       total 68608K, used 37830K [0x00000000c0000000, 0x00000000c4300000, 0x00000000eab00000)
  object space 68608K, 55% used [0x00000000c0000000,0x00000000c24f19e8,0x00000000c4300000)
 Metaspace       used 48205K, committed 49408K, reserved 1114112K
  class space    used 5066K, committed 5632K, reserved 1048576K
}
Event: 33.560 GC heap before
{Heap before GC invocations=28 (full 2):
 PSYoungGen      total 24576K, used 24501K [0x00000000eab00000, 0x00000000ec680000, 0x0000000100000000)
  eden space 22016K, 100% used [0x00000000eab00000,0x00000000ec080000,0x00000000ec080000)
  from space 2560K, 97% used [0x00000000ec100000,0x00000000ec36d7e0,0x00000000ec380000)
  to   space 3072K, 0% used [0x00000000ec380000,0x00000000ec380000,0x00000000ec680000)
 ParOldGen       total 68608K, used 37830K [0x00000000c0000000, 0x00000000c4300000, 0x00000000eab00000)
  object space 68608K, 55% used [0x00000000c0000000,0x00000000c24f19e8,0x00000000c4300000)
 Metaspace       used 49514K, committed 50752K, reserved 1114112K
  class space    used 5199K, committed 5760K, reserved 1048576K
}
Event: 33.565 GC heap after
{Heap after GC invocations=28 (full 2):
 PSYoungGen      total 24064K, used 1867K [0x00000000eab00000, 0x00000000ec580000, 0x0000000100000000)
  eden space 22016K, 0% used [0x00000000eab00000,0x00000000eab00000,0x00000000ec080000)
  from space 2048K, 91% used [0x00000000ec380000,0x00000000ec552c38,0x00000000ec580000)
  to   space 2560K, 0% used [0x00000000ec080000,0x00000000ec080000,0x00000000ec300000)
 ParOldGen       total 68608K, used 40180K [0x00000000c0000000, 0x00000000c4300000, 0x00000000eab00000)
  object space 68608K, 58% used [0x00000000c0000000,0x00000000c273d2d0,0x00000000c4300000)
 Metaspace       used 49514K, committed 50752K, reserved 1114112K
  class space    used 5199K, committed 5760K, reserved 1048576K
}
Event: 35.198 GC heap before
{Heap before GC invocations=29 (full 2):
 PSYoungGen      total 24064K, used 23883K [0x00000000eab00000, 0x00000000ec580000, 0x0000000100000000)
  eden space 22016K, 100% used [0x00000000eab00000,0x00000000ec080000,0x00000000ec080000)
  from space 2048K, 91% used [0x00000000ec380000,0x00000000ec552c38,0x00000000ec580000)
  to   space 2560K, 0% used [0x00000000ec080000,0x00000000ec080000,0x00000000ec300000)
 ParOldGen       total 68608K, used 40180K [0x00000000c0000000, 0x00000000c4300000, 0x00000000eab00000)
  object space 68608K, 58% used [0x00000000c0000000,0x00000000c273d2d0,0x00000000c4300000)
 Metaspace       used 51661K, committed 52928K, reserved 1114112K
  class space    used 5411K, committed 5952K, reserved 1048576K
}
Event: 35.203 GC heap after
{Heap after GC invocations=29 (full 2):
 PSYoungGen      total 24576K, used 2406K [0x00000000eab00000, 0x00000000ec580000, 0x0000000100000000)
  eden space 22016K, 0% used [0x00000000eab00000,0x00000000eab00000,0x00000000ec080000)
  from space 2560K, 94% used [0x00000000ec080000,0x00000000ec2d9a08,0x00000000ec300000)
  to   space 2560K, 0% used [0x00000000ec300000,0x00000000ec300000,0x00000000ec580000)
 ParOldGen       total 68608K, used 41841K [0x00000000c0000000, 0x00000000c4300000, 0x00000000eab00000)
  object space 68608K, 60% used [0x00000000c0000000,0x00000000c28dc748,0x00000000c4300000)
 Metaspace       used 51661K, committed 52928K, reserved 1114112K
  class space    used 5411K, committed 5952K, reserved 1048576K
}
Event: 37.408 GC heap before
{Heap before GC invocations=30 (full 2):
 PSYoungGen      total 24576K, used 24422K [0x00000000eab00000, 0x00000000ec580000, 0x0000000100000000)
  eden space 22016K, 100% used [0x00000000eab00000,0x00000000ec080000,0x00000000ec080000)
  from space 2560K, 94% used [0x00000000ec080000,0x00000000ec2d9a08,0x00000000ec300000)
  to   space 2560K, 0% used [0x00000000ec300000,0x00000000ec300000,0x00000000ec580000)
 ParOldGen       total 68608K, used 41841K [0x00000000c0000000, 0x00000000c4300000, 0x00000000eab00000)
  object space 68608K, 60% used [0x00000000c0000000,0x00000000c28dc748,0x00000000c4300000)
 Metaspace       used 52473K, committed 53760K, reserved 1114112K
  class space    used 5521K, committed 6080K, reserved 1048576K
}
Event: 37.413 GC heap after
{Heap after GC invocations=30 (full 2):
 PSYoungGen      total 24064K, used 1563K [0x00000000eab00000, 0x00000000ec500000, 0x0000000100000000)
  eden space 22016K, 0% used [0x00000000eab00000,0x00000000eab00000,0x00000000ec080000)
  from space 2048K, 76% used [0x00000000ec300000,0x00000000ec486c68,0x00000000ec500000)
  to   space 2048K, 0% used [0x00000000ec100000,0x00000000ec100000,0x00000000ec300000)
 ParOldGen       total 68608K, used 44084K [0x00000000c0000000, 0x00000000c4300000, 0x00000000eab00000)
  object space 68608K, 64% used [0x00000000c0000000,0x00000000c2b0d2b8,0x00000000c4300000)
 Metaspace       used 52473K, committed 53760K, reserved 1114112K
  class space    used 5521K, committed 6080K, reserved 1048576K
}
Event: 38.769 GC heap before
{Heap before GC invocations=31 (full 2):
 PSYoungGen      total 24064K, used 23579K [0x00000000eab00000, 0x00000000ec500000, 0x0000000100000000)
  eden space 22016K, 100% used [0x00000000eab00000,0x00000000ec080000,0x00000000ec080000)
  from space 2048K, 76% used [0x00000000ec300000,0x00000000ec486c68,0x00000000ec500000)
  to   space 2048K, 0% used [0x00000000ec100000,0x00000000ec100000,0x00000000ec300000)
 ParOldGen       total 68608K, used 44084K [0x00000000c0000000, 0x00000000c4300000, 0x00000000eab00000)
  object space 68608K, 64% used [0x00000000c0000000,0x00000000c2b0d2b8,0x00000000c4300000)
 Metaspace       used 53515K, committed 54784K, reserved 1114112K
  class space    used 5614K, committed 6208K, reserved 1048576K
}
Event: 38.773 GC heap after
{Heap after GC invocations=31 (full 2):
 PSYoungGen      total 24064K, used 1631K [0x00000000eab00000, 0x00000000ec480000, 0x0000000100000000)
  eden space 22016K, 0% used [0x00000000eab00000,0x00000000eab00000,0x00000000ec080000)
  from space 2048K, 79% used [0x00000000ec100000,0x00000000ec297f38,0x00000000ec300000)
  to   space 1536K, 0% used [0x00000000ec300000,0x00000000ec300000,0x00000000ec480000)
 ParOldGen       total 68608K, used 45590K [0x00000000c0000000, 0x00000000c4300000, 0x00000000eab00000)
  object space 68608K, 66% used [0x00000000c0000000,0x00000000c2c85bd0,0x00000000c4300000)
 Metaspace       used 53515K, committed 54784K, reserved 1114112K
  class space    used 5614K, committed 6208K, reserved 1048576K
}
Event: 40.173 GC heap before
{Heap before GC invocations=32 (full 2):
 PSYoungGen      total 24064K, used 23647K [0x00000000eab00000, 0x00000000ec480000, 0x0000000100000000)
  eden space 22016K, 100% used [0x00000000eab00000,0x00000000ec080000,0x00000000ec080000)
  from space 2048K, 79% used [0x00000000ec100000,0x00000000ec297f38,0x00000000ec300000)
  to   space 1536K, 0% used [0x00000000ec300000,0x00000000ec300000,0x00000000ec480000)
 ParOldGen       total 68608K, used 45590K [0x00000000c0000000, 0x00000000c4300000, 0x00000000eab00000)
  object space 68608K, 66% used [0x00000000c0000000,0x00000000c2c85bd0,0x00000000c4300000)
 Metaspace       used 54476K, committed 55744K, reserved 1114112K
  class space    used 5688K, committed 6272K, reserved 1048576K
}
Event: 40.178 GC heap after
{Heap after GC invocations=32 (full 2):
 PSYoungGen      total 17920K, used 1506K [0x00000000eab00000, 0x00000000ed080000, 0x0000000100000000)
  eden space 16384K, 0% used [0x00000000eab00000,0x00000000eab00000,0x00000000ebb00000)
  from space 1536K, 98% used [0x00000000ec300000,0x00000000ec478a68,0x00000000ec480000)
  to   space 8192K, 0% used [0x00000000ebb00000,0x00000000ebb00000,0x00000000ec300000)
 ParOldGen       total 68608K, used 51194K [0x00000000c0000000, 0x00000000c4300000, 0x00000000eab00000)
  object space 68608K, 74% used [0x00000000c0000000,0x00000000c31febb0,0x00000000c4300000)
 Metaspace       used 54476K, committed 55744K, reserved 1114112K
  class space    used 5688K, committed 6272K, reserved 1048576K
}
Event: 42.365 GC heap before
{Heap before GC invocations=33 (full 2):
 PSYoungGen      total 17920K, used 17890K [0x00000000eab00000, 0x00000000ed080000, 0x0000000100000000)
  eden space 16384K, 100% used [0x00000000eab00000,0x00000000ebb00000,0x00000000ebb00000)
  from space 1536K, 98% used [0x00000000ec300000,0x00000000ec478a68,0x00000000ec480000)
  to   space 8192K, 0% used [0x00000000ebb00000,0x00000000ebb00000,0x00000000ec300000)
 ParOldGen       total 68608K, used 51194K [0x00000000c0000000, 0x00000000c4300000, 0x00000000eab00000)
  object space 68608K, 74% used [0x00000000c0000000,0x00000000c31febb0,0x00000000c4300000)
 Metaspace       used 55120K, committed 56384K, reserved 1114112K
  class space    used 5742K, committed 6336K, reserved 1048576K
}
Event: 42.369 GC heap after
{Heap after GC invocations=33 (full 2):
 PSYoungGen      total 18432K, used 1960K [0x00000000eab00000, 0x00000000ec380000, 0x0000000100000000)
  eden space 16384K, 0% used [0x00000000eab00000,0x00000000eab00000,0x00000000ebb00000)
  from space 2048K, 95% used [0x00000000ebb00000,0x00000000ebcea028,0x00000000ebd00000)
  to   space 4096K, 0% used [0x00000000ebf80000,0x00000000ebf80000,0x00000000ec380000)
 ParOldGen       total 68608K, used 52695K [0x00000000c0000000, 0x00000000c4300000, 0x00000000eab00000)
  object space 68608K, 76% used [0x00000000c0000000,0x00000000c3375f80,0x00000000c4300000)
 Metaspace       used 55120K, committed 56384K, reserved 1114112K
  class space    used 5742K, committed 6336K, reserved 1048576K
}
Event: 42.853 GC heap before
{Heap before GC invocations=34 (full 2):
 PSYoungGen      total 18432K, used 18344K [0x00000000eab00000, 0x00000000ec380000, 0x0000000100000000)
  eden space 16384K, 100% used [0x00000000eab00000,0x00000000ebb00000,0x00000000ebb00000)
  from space 2048K, 95% used [0x00000000ebb00000,0x00000000ebcea028,0x00000000ebd00000)
  to   space 4096K, 0% used [0x00000000ebf80000,0x00000000ebf80000,0x00000000ec380000)
 ParOldGen       total 68608K, used 52695K [0x00000000c0000000, 0x00000000c4300000, 0x00000000eab00000)
  object space 68608K, 76% used [0x00000000c0000000,0x00000000c3375f80,0x00000000c4300000)
 Metaspace       used 55276K, committed 56512K, reserved 1114112K
  class space    used 5752K, committed 6336K, reserved 1048576K
}
Event: 42.856 GC heap after
{Heap after GC invocations=34 (full 2):
 PSYoungGen      total 18432K, used 1822K [0x00000000eab00000, 0x00000000ec180000, 0x0000000100000000)
  eden space 16384K, 0% used [0x00000000eab00000,0x00000000eab00000,0x00000000ebb00000)
  from space 2048K, 89% used [0x00000000ebf80000,0x00000000ec147b80,0x00000000ec180000)
  to   space 2560K, 0% used [0x00000000ebc80000,0x00000000ebc80000,0x00000000ebf00000)
 ParOldGen       total 68608K, used 54556K [0x00000000c0000000, 0x00000000c4300000, 0x00000000eab00000)
  object space 68608K, 79% used [0x00000000c0000000,0x00000000c3547258,0x00000000c4300000)
 Metaspace       used 55276K, committed 56512K, reserved 1114112K
  class space    used 5752K, committed 6336K, reserved 1048576K
}
Event: 43.529 GC heap before
{Heap before GC invocations=35 (full 2):
 PSYoungGen      total 18432K, used 18132K [0x00000000eab00000, 0x00000000ec180000, 0x0000000100000000)
  eden space 16384K, 99% used [0x00000000eab00000,0x00000000ebaed5d8,0x00000000ebb00000)
  from space 2048K, 89% used [0x00000000ebf80000,0x00000000ec147b80,0x00000000ec180000)
  to   space 2560K, 0% used [0x00000000ebc80000,0x00000000ebc80000,0x00000000ebf00000)
 ParOldGen       total 68608K, used 54556K [0x00000000c0000000, 0x00000000c4300000, 0x00000000eab00000)
  object space 68608K, 79% used [0x00000000c0000000,0x00000000c3547258,0x00000000c4300000)
 Metaspace       used 55287K, committed 56576K, reserved 1114112K
  class space    used 5752K, committed 6336K, reserved 1048576K
}
Event: 43.532 GC heap after
{Heap after GC invocations=35 (full 2):
 PSYoungGen      total 16896K, used 500K [0x00000000eab00000, 0x00000000ec000000, 0x0000000100000000)
  eden space 16384K, 0% used [0x00000000eab00000,0x00000000eab00000,0x00000000ebb00000)
  from space 512K, 97% used [0x00000000ebc80000,0x00000000ebcfd360,0x00000000ebd00000)
  to   space 1536K, 0% used [0x00000000ebe80000,0x00000000ebe80000,0x00000000ec000000)
 ParOldGen       total 68608K, used 55496K [0x00000000c0000000, 0x00000000c4300000, 0x00000000eab00000)
  object space 68608K, 80% used [0x00000000c0000000,0x00000000c3632298,0x00000000c4300000)
 Metaspace       used 55287K, committed 56576K, reserved 1114112K
  class space    used 5752K, committed 6336K, reserved 1048576K
}

