# JRE version: OpenJDK Runtime Environment Temurin-21.0.7+6 (21.0.7+6) (build 21.0.7+6-LTS)
# Java VM: OpenJDK 64-Bit Server VM Temurin-21.0.7+6 (21.0.7+6-LTS, mixed mode, sharing, tiered, compressed oops, compressed class ptrs, parallel gc, windows-amd64)
GC Precious Log:
 CardTable entry size: 512
 CPUs: 4 total, 4 available
 Memory: 7879M
 Large Page Support: Disabled
 NUMA Support: Disabled
 Compressed Oops: Enabled (32-bit)
 Alignments: Space 512K, Generation 512K, Heap 2M
 Heap Min Capacity: 100M
 Heap Initial Capacity: 100M
 Heap Max Capacity: 1G
 Pre-touch: Disabled
 Parallel Workers: 4
Heap:
 PSYoungGen      total 13312K, used 13295K [0x00000000eab00000, 0x00000000eb980000, 0x0000000100000000)
  eden space 12288K, 100% used [0x00000000eab00000,0x00000000eb700000,0x00000000eb700000)
  from space 1024K, 98% used [0x00000000eb780000,0x00000000eb87bda8,0x00000000eb880000)
  to   space 1024K, 98% used [0x00000000eb880000,0x00000000eb97af48,0x00000000eb980000)
 ParOldGen       total 342528K, used 342472K [0x00000000c0000000, 0x00000000d4e80000, 0x00000000eab00000)
  object space 342528K, 99% used [0x00000000c0000000,0x00000000d4e720c0,0x00000000d4e80000)
 Metaspace       used 68457K, committed 70144K, reserved 1114112K
  class space    used 6830K, committed 7552K, reserved 1048576K
GC Heap History (20 events):
Event: 61.037 GC heap before
{Heap before GC invocations=525 (full 5):
 PSYoungGen      total 14848K, used 14826K [0x00000000eab00000, 0x00000000ebc80000, 0x0000000100000000)
  eden space 13824K, 100% used [0x00000000eab00000,0x00000000eb880000,0x00000000eb880000)
  from space 1024K, 97% used [0x00000000eb900000,0x00000000eb9fa870,0x00000000eba00000)
  to   space 2048K, 0% used [0x00000000eba80000,0x00000000eba80000,0x00000000ebc80000)
 ParOldGen       total 340992K, used 313032K [0x00000000c0000000, 0x00000000d4d00000, 0x00000000eab00000)
  object space 340992K, 91% used [0x00000000c0000000,0x00000000d31b2200,0x00000000d4d00000)
 Metaspace       used 67949K, committed 69568K, reserved 1114112K
  class space    used 6794K, committed 7488K, reserved 1048576K
}
Event: 61.043 GC heap after
{Heap after GC invocations=525 (full 5):
 PSYoungGen      total 15872K, used 1691K [0x00000000eab00000, 0x00000000ebc80000, 0x0000000100000000)
  eden space 13824K, 0% used [0x00000000eab00000,0x00000000eab00000,0x00000000eb880000)
  from space 2048K, 82% used [0x00000000eba80000,0x00000000ebc26ec8,0x00000000ebc80000)
  to   space 2048K, 0% used [0x00000000eb880000,0x00000000eb880000,0x00000000eba80000)
 ParOldGen       total 340992K, used 313936K [0x00000000c0000000, 0x00000000d4d00000, 0x00000000eab00000)
  object space 340992K, 92% used [0x00000000c0000000,0x00000000d32940b0,0x00000000d4d00000)
 Metaspace       used 67949K, committed 69568K, reserved 1114112K
  class space    used 6794K, committed 7488K, reserved 1048576K
}
Event: 61.137 GC heap before
{Heap before GC invocations=526 (full 5):
 PSYoungGen      total 15872K, used 15515K [0x00000000eab00000, 0x00000000ebc80000, 0x0000000100000000)
  eden space 13824K, 100% used [0x00000000eab00000,0x00000000eb880000,0x00000000eb880000)
  from space 2048K, 82% used [0x00000000eba80000,0x00000000ebc26ec8,0x00000000ebc80000)
  to   space 2048K, 0% used [0x00000000eb880000,0x00000000eb880000,0x00000000eba80000)
 ParOldGen       total 340992K, used 313936K [0x00000000c0000000, 0x00000000d4d00000, 0x00000000eab00000)
  object space 340992K, 92% used [0x00000000c0000000,0x00000000d32940b0,0x00000000d4d00000)
 Metaspace       used 67963K, committed 69568K, reserved 1114112K
  class space    used 6794K, committed 7488K, reserved 1048576K
}
Event: 61.140 GC heap after
{Heap after GC invocations=526 (full 5):
 PSYoungGen      total 14848K, used 908K [0x00000000eab00000, 0x00000000ebb80000, 0x0000000100000000)
  eden space 13824K, 0% used [0x00000000eab00000,0x00000000eab00000,0x00000000eb880000)
  from space 1024K, 88% used [0x00000000eb880000,0x00000000eb963370,0x00000000eb980000)
  to   space 1536K, 0% used [0x00000000eba00000,0x00000000eba00000,0x00000000ebb80000)
 ParOldGen       total 340992K, used 315296K [0x00000000c0000000, 0x00000000d4d00000, 0x00000000eab00000)
  object space 340992K, 92% used [0x00000000c0000000,0x00000000d33e80b8,0x00000000d4d00000)
 Metaspace       used 67963K, committed 69568K, reserved 1114112K
  class space    used 6794K, committed 7488K, reserved 1048576K
}
Event: 61.214 GC heap before
{Heap before GC invocations=527 (full 5):
 PSYoungGen      total 14848K, used 14732K [0x00000000eab00000, 0x00000000ebb80000, 0x0000000100000000)
  eden space 13824K, 100% used [0x00000000eab00000,0x00000000eb880000,0x00000000eb880000)
  from space 1024K, 88% used [0x00000000eb880000,0x00000000eb963370,0x00000000eb980000)
  to   space 1536K, 0% used [0x00000000eba00000,0x00000000eba00000,0x00000000ebb80000)
 ParOldGen       total 340992K, used 315296K [0x00000000c0000000, 0x00000000d4d00000, 0x00000000eab00000)
  object space 340992K, 92% used [0x00000000c0000000,0x00000000d33e80b8,0x00000000d4d00000)
 Metaspace       used 67970K, committed 69632K, reserved 1114112K
  class space    used 6794K, committed 7488K, reserved 1048576K
}
Event: 61.219 GC heap after
{Heap after GC invocations=527 (full 5):
 PSYoungGen      total 13824K, used 1532K [0x00000000eab00000, 0x00000000ebe80000, 0x0000000100000000)
  eden space 12288K, 0% used [0x00000000eab00000,0x00000000eab00000,0x00000000eb700000)
  from space 1536K, 99% used [0x00000000eba00000,0x00000000ebb7f3b8,0x00000000ebb80000)
  to   space 3072K, 0% used [0x00000000eb700000,0x00000000eb700000,0x00000000eba00000)
 ParOldGen       total 340992K, used 316325K [0x00000000c0000000, 0x00000000d4d00000, 0x00000000eab00000)
  object space 340992K, 92% used [0x00000000c0000000,0x00000000d34e9428,0x00000000d4d00000)
 Metaspace       used 67970K, committed 69632K, reserved 1114112K
  class space    used 6794K, committed 7488K, reserved 1048576K
}
Event: 61.272 GC heap before
{Heap before GC invocations=528 (full 5):
 PSYoungGen      total 13824K, used 13820K [0x00000000eab00000, 0x00000000ebe80000, 0x0000000100000000)
  eden space 12288K, 100% used [0x00000000eab00000,0x00000000eb700000,0x00000000eb700000)
  from space 1536K, 99% used [0x00000000eba00000,0x00000000ebb7f3b8,0x00000000ebb80000)
  to   space 3072K, 0% used [0x00000000eb700000,0x00000000eb700000,0x00000000eba00000)
 ParOldGen       total 340992K, used 316325K [0x00000000c0000000, 0x00000000d4d00000, 0x00000000eab00000)
  object space 340992K, 92% used [0x00000000c0000000,0x00000000d34e9428,0x00000000d4d00000)
 Metaspace       used 67970K, committed 69632K, reserved 1114112K
  class space    used 6794K, committed 7488K, reserved 1048576K
}
Event: 61.278 GC heap after
{Heap after GC invocations=528 (full 5):
 PSYoungGen      total 13312K, used 580K [0x00000000eab00000, 0x00000000eba80000, 0x0000000100000000)
  eden space 12288K, 0% used [0x00000000eab00000,0x00000000eab00000,0x00000000eb700000)
  from space 1024K, 56% used [0x00000000eb700000,0x00000000eb7913a8,0x00000000eb800000)
  to   space 1536K, 0% used [0x00000000eb900000,0x00000000eb900000,0x00000000eba80000)
 ParOldGen       total 340992K, used 317875K [0x00000000c0000000, 0x00000000d4d00000, 0x00000000eab00000)
  object space 340992K, 93% used [0x00000000c0000000,0x00000000d366cc78,0x00000000d4d00000)
 Metaspace       used 67970K, committed 69632K, reserved 1114112K
  class space    used 6794K, committed 7488K, reserved 1048576K
}
Event: 61.321 GC heap before
{Heap before GC invocations=529 (full 5):
 PSYoungGen      total 13312K, used 12868K [0x00000000eab00000, 0x00000000eba80000, 0x0000000100000000)
  eden space 12288K, 100% used [0x00000000eab00000,0x00000000eb700000,0x00000000eb700000)
  from space 1024K, 56% used [0x00000000eb700000,0x00000000eb7913a8,0x00000000eb800000)
  to   space 1536K, 0% used [0x00000000eb900000,0x00000000eb900000,0x00000000eba80000)
 ParOldGen       total 340992K, used 317875K [0x00000000c0000000, 0x00000000d4d00000, 0x00000000eab00000)
  object space 340992K, 93% used [0x00000000c0000000,0x00000000d366cc78,0x00000000d4d00000)
 Metaspace       used 67974K, committed 69632K, reserved 1114112K
  class space    used 6794K, committed 7488K, reserved 1048576K
}
Event: 61.323 GC heap after
{Heap after GC invocations=529 (full 5):
 PSYoungGen      total 12800K, used 435K [0x00000000eab00000, 0x00000000eb980000, 0x0000000100000000)
  eden space 12288K, 0% used [0x00000000eab00000,0x00000000eab00000,0x00000000eb700000)
  from space 512K, 85% used [0x00000000eb900000,0x00000000eb96cf60,0x00000000eb980000)
  to   space 1024K, 0% used [0x00000000eb780000,0x00000000eb780000,0x00000000eb880000)
 ParOldGen       total 340992K, used 318373K [0x00000000c0000000, 0x00000000d4d00000, 0x00000000eab00000)
  object space 340992K, 93% used [0x00000000c0000000,0x00000000d36e9640,0x00000000d4d00000)
 Metaspace       used 67974K, committed 69632K, reserved 1114112K
  class space    used 6794K, committed 7488K, reserved 1048576K
}
Event: 61.367 GC heap before
{Heap before GC invocations=530 (full 5):
 PSYoungGen      total 12800K, used 12723K [0x00000000eab00000, 0x00000000eb980000, 0x0000000100000000)
  eden space 12288K, 100% used [0x00000000eab00000,0x00000000eb700000,0x00000000eb700000)
  from space 512K, 85% used [0x00000000eb900000,0x00000000eb96cf60,0x00000000eb980000)
  to   space 1024K, 0% used [0x00000000eb780000,0x00000000eb780000,0x00000000eb880000)
 ParOldGen       total 340992K, used 318373K [0x00000000c0000000, 0x00000000d4d00000, 0x00000000eab00000)
  object space 340992K, 93% used [0x00000000c0000000,0x00000000d36e9640,0x00000000d4d00000)
 Metaspace       used 67982K, committed 69632K, reserved 1114112K
  class space    used 6795K, committed 7488K, reserved 1048576K
}
Event: 61.369 GC heap after
{Heap after GC invocations=530 (full 5):
 PSYoungGen      total 13312K, used 841K [0x00000000eab00000, 0x00000000eb980000, 0x0000000100000000)
  eden space 12288K, 0% used [0x00000000eab00000,0x00000000eab00000,0x00000000eb700000)
  from space 1024K, 82% used [0x00000000eb780000,0x00000000eb8525e0,0x00000000eb880000)
  to   space 1024K, 0% used [0x00000000eb880000,0x00000000eb880000,0x00000000eb980000)
 ParOldGen       total 340992K, used 318747K [0x00000000c0000000, 0x00000000d4d00000, 0x00000000eab00000)
  object space 340992K, 93% used [0x00000000c0000000,0x00000000d3746c80,0x00000000d4d00000)
 Metaspace       used 67982K, committed 69632K, reserved 1114112K
  class space    used 6795K, committed 7488K, reserved 1048576K
}
Event: 61.612 GC heap before
{Heap before GC invocations=531 (full 5):
 PSYoungGen      total 13312K, used 13129K [0x00000000eab00000, 0x00000000eb980000, 0x0000000100000000)
  eden space 12288K, 100% used [0x00000000eab00000,0x00000000eb700000,0x00000000eb700000)
  from space 1024K, 82% used [0x00000000eb780000,0x00000000eb8525e0,0x00000000eb880000)
  to   space 1024K, 0% used [0x00000000eb880000,0x00000000eb880000,0x00000000eb980000)
 ParOldGen       total 340992K, used 318747K [0x00000000c0000000, 0x00000000d4d00000, 0x00000000eab00000)
  object space 340992K, 93% used [0x00000000c0000000,0x00000000d3746c80,0x00000000d4d00000)
 Metaspace       used 68157K, committed 69760K, reserved 1114112K
  class space    used 6823K, committed 7488K, reserved 1048576K
}
Event: 61.618 GC heap after
{Heap after GC invocations=531 (full 5):
 PSYoungGen      total 13312K, used 1014K [0x00000000eab00000, 0x00000000eb980000, 0x0000000100000000)
  eden space 12288K, 0% used [0x00000000eab00000,0x00000000eab00000,0x00000000eb700000)
  from space 1024K, 99% used [0x00000000eb880000,0x00000000eb97d800,0x00000000eb980000)
  to   space 1024K, 0% used [0x00000000eb780000,0x00000000eb780000,0x00000000eb880000)
 ParOldGen       total 340992K, used 322667K [0x00000000c0000000, 0x00000000d4d00000, 0x00000000eab00000)
  object space 340992K, 94% used [0x00000000c0000000,0x00000000d3b1ae10,0x00000000d4d00000)
 Metaspace       used 68157K, committed 69760K, reserved 1114112K
  class space    used 6823K, committed 7488K, reserved 1048576K
}
Event: 61.798 GC heap before
{Heap before GC invocations=532 (full 5):
 PSYoungGen      total 13312K, used 13302K [0x00000000eab00000, 0x00000000eb980000, 0x0000000100000000)
  eden space 12288K, 100% used [0x00000000eab00000,0x00000000eb700000,0x00000000eb700000)
  from space 1024K, 99% used [0x00000000eb880000,0x00000000eb97d800,0x00000000eb980000)
  to   space 1024K, 0% used [0x00000000eb780000,0x00000000eb780000,0x00000000eb880000)
 ParOldGen       total 340992K, used 322667K [0x00000000c0000000, 0x00000000d4d00000, 0x00000000eab00000)
  object space 340992K, 94% used [0x00000000c0000000,0x00000000d3b1ae10,0x00000000d4d00000)
 Metaspace       used 68207K, committed 69824K, reserved 1114112K
  class space    used 6827K, committed 7552K, reserved 1048576K
}
Event: 61.808 GC heap after
{Heap after GC invocations=532 (full 5):
 PSYoungGen      total 13312K, used 1015K [0x00000000eab00000, 0x00000000eb980000, 0x0000000100000000)
  eden space 12288K, 0% used [0x00000000eab00000,0x00000000eab00000,0x00000000eb700000)
  from space 1024K, 99% used [0x00000000eb780000,0x00000000eb87df70,0x00000000eb880000)
  to   space 1024K, 0% used [0x00000000eb880000,0x00000000eb880000,0x00000000eb980000)
 ParOldGen       total 340992K, used 327322K [0x00000000c0000000, 0x00000000d4d00000, 0x00000000eab00000)
  object space 340992K, 95% used [0x00000000c0000000,0x00000000d3fa6840,0x00000000d4d00000)
 Metaspace       used 68207K, committed 69824K, reserved 1114112K
  class space    used 6827K, committed 7552K, reserved 1048576K
}
Event: 62.075 GC heap before
{Heap before GC invocations=533 (full 5):
 PSYoungGen      total 13312K, used 13303K [0x00000000eab00000, 0x00000000eb980000, 0x0000000100000000)
  eden space 12288K, 100% used [0x00000000eab00000,0x00000000eb700000,0x00000000eb700000)
  from space 1024K, 99% used [0x00000000eb780000,0x00000000eb87df70,0x00000000eb880000)
  to   space 1024K, 0% used [0x00000000eb880000,0x00000000eb880000,0x00000000eb980000)
 ParOldGen       total 340992K, used 327322K [0x00000000c0000000, 0x00000000d4d00000, 0x00000000eab00000)
  object space 340992K, 95% used [0x00000000c0000000,0x00000000d3fa6840,0x00000000d4d00000)
 Metaspace       used 68381K, committed 70016K, reserved 1114112K
  class space    used 6830K, committed 7552K, reserved 1048576K
}
Event: 62.090 GC heap after
{Heap after GC invocations=533 (full 5):
 PSYoungGen      total 13312K, used 995K [0x00000000eab00000, 0x00000000eb980000, 0x0000000100000000)
  eden space 12288K, 0% used [0x00000000eab00000,0x00000000eab00000,0x00000000eb700000)
  from space 1024K, 97% used [0x00000000eb880000,0x00000000eb978fd0,0x00000000eb980000)
  to   space 1024K, 0% used [0x00000000eb780000,0x00000000eb780000,0x00000000eb880000)
 ParOldGen       total 340992K, used 333312K [0x00000000c0000000, 0x00000000d4d00000, 0x00000000eab00000)
  object space 340992K, 97% used [0x00000000c0000000,0x00000000d45800a8,0x00000000d4d00000)
 Metaspace       used 68381K, committed 70016K, reserved 1114112K
  class space    used 6830K, committed 7552K, reserved 1048576K
}
Event: 62.273 GC heap before
{Heap before GC invocations=534 (full 5):
 PSYoungGen      total 13312K, used 13268K [0x00000000eab00000, 0x00000000eb980000, 0x0000000100000000)
  eden space 12288K, 99% used [0x00000000eab00000,0x00000000eb6fc188,0x00000000eb700000)
  from space 1024K, 97% used [0x00000000eb880000,0x00000000eb978fd0,0x00000000eb980000)
  to   space 1024K, 0% used [0x00000000eb780000,0x00000000eb780000,0x00000000eb880000)
 ParOldGen       total 340992K, used 333312K [0x00000000c0000000, 0x00000000d4d00000, 0x00000000eab00000)
  object space 340992K, 97% used [0x00000000c0000000,0x00000000d45800a8,0x00000000d4d00000)
 Metaspace       used 68438K, committed 70080K, reserved 1114112K
  class space    used 6830K, committed 7552K, reserved 1048576K
}
Event: 62.284 GC heap after
{Heap after GC invocations=534 (full 5):
 PSYoungGen      total 13312K, used 1007K [0x00000000eab00000, 0x00000000eb980000, 0x0000000100000000)
  eden space 12288K, 0% used [0x00000000eab00000,0x00000000eab00000,0x00000000eb700000)
  from space 1024K, 98% used [0x00000000eb780000,0x00000000eb87bda8,0x00000000eb880000)
  to   space 1024K, 0% used [0x00000000eb880000,0x00000000eb880000,0x00000000eb980000)
 ParOldGen       total 340992K, used 337478K [0x00000000c0000000, 0x00000000d4d00000, 0x00000000eab00000)
  object space 340992K, 98% used [0x00000000c0000000,0x00000000d4991950,0x00000000d4d00000)
 Metaspace       used 68438K, committed 70080K, reserved 1114112K
  class space    used 6830K, committed 7552K, reserved 1048576K
}

