# JRE version: OpenJDK Runtime Environment Temurin-21.0.7+6 (21.0.7+6) (build 21.0.7+6-LTS)
# Java VM: OpenJDK 64-Bit Server VM Temurin-21.0.7+6 (21.0.7+6-LTS, mixed mode, sharing, tiered, compressed oops, compressed class ptrs, parallel gc, windows-amd64)
GC Precious Log:
 CardTable entry size: 512
 CPUs: 4 total, 4 available
 Memory: 7879M
 Large Page Support: Disabled
 NUMA Support: Disabled
 Compressed Oops: Enabled (32-bit)
 Alignments: Space 512K, Generation 512K, Heap 2M
 Heap Min Capacity: 100M
 Heap Initial Capacity: 100M
 Heap Max Capacity: 1G
 Pre-touch: Disabled
 Parallel Workers: 4
Heap:
 PSYoungGen      total 5120K, used 3924K [0x00000000eab00000, 0x00000000eb280000, 0x0000000100000000)
  eden space 4608K, 74% used [0x00000000eab00000,0x00000000eae551b8,0x00000000eaf80000)
  from space 512K, 100% used [0x00000000eb180000,0x00000000eb200000,0x00000000eb200000)
  to   space 1536K, 0% used [0x00000000eaf80000,0x00000000eaf80000,0x00000000eb100000)
 ParOldGen       total 396800K, used 396573K [0x00000000c0000000, 0x00000000d8380000, 0x00000000eab00000)
  object space 396800K, 99% used [0x00000000c0000000,0x00000000d83476f0,0x00000000d8380000)
 Metaspace       used 72885K, committed 74496K, reserved 1179648K
  class space    used 7218K, committed 7936K, reserved 1048576K
GC Heap History (20 events):
Event: 151.744 GC heap before
{Heap before GC invocations=1341 (full 4):
 PSYoungGen      total 3584K, used 3074K [0x00000000eab00000, 0x00000000eb100000, 0x0000000100000000)
  eden space 2048K, 100% used [0x00000000eab00000,0x00000000ead00000,0x00000000ead00000)
  from space 1536K, 66% used [0x00000000ead00000,0x00000000eae00808,0x00000000eae80000)
  to   space 2048K, 0% used [0x00000000eaf00000,0x00000000eaf00000,0x00000000eb100000)
 ParOldGen       total 388096K, used 387801K [0x00000000c0000000, 0x00000000d7b00000, 0x00000000eab00000)
  object space 388096K, 99% used [0x00000000c0000000,0x00000000d7ab66f8,0x00000000d7b00000)
 Metaspace       used 72173K, committed 73856K, reserved 1179648K
  class space    used 7156K, committed 7936K, reserved 1048576K
}
Event: 151.749 GC heap after
{Heap after GC invocations=1341 (full 4):
 PSYoungGen      total 3072K, used 128K [0x00000000eab00000, 0x00000000eaf80000, 0x0000000100000000)
  eden space 2560K, 0% used [0x00000000eab00000,0x00000000eab00000,0x00000000ead80000)
  from space 512K, 25% used [0x00000000eaf00000,0x00000000eaf20000,0x00000000eaf80000)
  to   space 1024K, 0% used [0x00000000ead80000,0x00000000ead80000,0x00000000eae80000)
 ParOldGen       total 390144K, used 389505K [0x00000000c0000000, 0x00000000d7d00000, 0x00000000eab00000)
  object space 390144K, 99% used [0x00000000c0000000,0x00000000d7c60530,0x00000000d7d00000)
 Metaspace       used 72173K, committed 73856K, reserved 1179648K
  class space    used 7156K, committed 7936K, reserved 1048576K
}
Event: 151.833 GC heap before
{Heap before GC invocations=1342 (full 4):
 PSYoungGen      total 3072K, used 2685K [0x00000000eab00000, 0x00000000eaf80000, 0x0000000100000000)
  eden space 2560K, 99% used [0x00000000eab00000,0x00000000ead7f7e0,0x00000000ead80000)
  from space 512K, 25% used [0x00000000eaf00000,0x00000000eaf20000,0x00000000eaf80000)
  to   space 1024K, 0% used [0x00000000ead80000,0x00000000ead80000,0x00000000eae80000)
 ParOldGen       total 390144K, used 389505K [0x00000000c0000000, 0x00000000d7d00000, 0x00000000eab00000)
  object space 390144K, 99% used [0x00000000c0000000,0x00000000d7c60530,0x00000000d7d00000)
 Metaspace       used 72203K, committed 73920K, reserved 1179648K
  class space    used 7158K, committed 7936K, reserved 1048576K
}
Event: 151.837 GC heap after
{Heap after GC invocations=1342 (full 4):
 PSYoungGen      total 3584K, used 236K [0x00000000eab00000, 0x00000000eaf80000, 0x0000000100000000)
  eden space 2560K, 0% used [0x00000000eab00000,0x00000000eab00000,0x00000000ead80000)
  from space 1024K, 23% used [0x00000000ead80000,0x00000000eadbb138,0x00000000eae80000)
  to   space 512K, 0% used [0x00000000eaf00000,0x00000000eaf00000,0x00000000eaf80000)
 ParOldGen       total 390144K, used 389545K [0x00000000c0000000, 0x00000000d7d00000, 0x00000000eab00000)
  object space 390144K, 99% used [0x00000000c0000000,0x00000000d7c6a530,0x00000000d7d00000)
 Metaspace       used 72203K, committed 73920K, reserved 1179648K
  class space    used 7158K, committed 7936K, reserved 1048576K
}
Event: 151.855 GC heap before
{Heap before GC invocations=1343 (full 4):
 PSYoungGen      total 3584K, used 2796K [0x00000000eab00000, 0x00000000eaf80000, 0x0000000100000000)
  eden space 2560K, 100% used [0x00000000eab00000,0x00000000ead80000,0x00000000ead80000)
  from space 1024K, 23% used [0x00000000ead80000,0x00000000eadbb138,0x00000000eae80000)
  to   space 512K, 0% used [0x00000000eaf00000,0x00000000eaf00000,0x00000000eaf80000)
 ParOldGen       total 390144K, used 389545K [0x00000000c0000000, 0x00000000d7d00000, 0x00000000eab00000)
  object space 390144K, 99% used [0x00000000c0000000,0x00000000d7c6a530,0x00000000d7d00000)
 Metaspace       used 72214K, committed 73920K, reserved 1179648K
  class space    used 7160K, committed 7936K, reserved 1048576K
}
Event: 151.858 GC heap after
{Heap after GC invocations=1343 (full 4):
 PSYoungGen      total 3072K, used 484K [0x00000000eab00000, 0x00000000eb100000, 0x0000000100000000)
  eden space 2560K, 0% used [0x00000000eab00000,0x00000000eab00000,0x00000000ead80000)
  from space 512K, 94% used [0x00000000eaf00000,0x00000000eaf79210,0x00000000eaf80000)
  to   space 1536K, 0% used [0x00000000ead80000,0x00000000ead80000,0x00000000eaf00000)
 ParOldGen       total 390656K, used 390144K [0x00000000c0000000, 0x00000000d7d80000, 0x00000000eab00000)
  object space 390656K, 99% used [0x00000000c0000000,0x00000000d7d00350,0x00000000d7d80000)
 Metaspace       used 72214K, committed 73920K, reserved 1179648K
  class space    used 7160K, committed 7936K, reserved 1048576K
}
Event: 151.890 GC heap before
{Heap before GC invocations=1344 (full 4):
 PSYoungGen      total 3072K, used 3044K [0x00000000eab00000, 0x00000000eb100000, 0x0000000100000000)
  eden space 2560K, 99% used [0x00000000eab00000,0x00000000ead7ffe0,0x00000000ead80000)
  from space 512K, 94% used [0x00000000eaf00000,0x00000000eaf79210,0x00000000eaf80000)
  to   space 1536K, 0% used [0x00000000ead80000,0x00000000ead80000,0x00000000eaf00000)
 ParOldGen       total 390656K, used 390144K [0x00000000c0000000, 0x00000000d7d80000, 0x00000000eab00000)
  object space 390656K, 99% used [0x00000000c0000000,0x00000000d7d00350,0x00000000d7d80000)
 Metaspace       used 72222K, committed 73920K, reserved 1179648K
  class space    used 7162K, committed 7936K, reserved 1048576K
}
Event: 151.893 GC heap after
{Heap after GC invocations=1344 (full 4):
 PSYoungGen      total 4096K, used 1248K [0x00000000eab00000, 0x00000000eb100000, 0x0000000100000000)
  eden space 2560K, 0% used [0x00000000eab00000,0x00000000eab00000,0x00000000ead80000)
  from space 1536K, 81% used [0x00000000ead80000,0x00000000eaeb8070,0x00000000eaf00000)
  to   space 1536K, 0% used [0x00000000eaf80000,0x00000000eaf80000,0x00000000eb100000)
 ParOldGen       total 390656K, used 390644K [0x00000000c0000000, 0x00000000d7d80000, 0x00000000eab00000)
  object space 390656K, 99% used [0x00000000c0000000,0x00000000d7d7d268,0x00000000d7d80000)
 Metaspace       used 72222K, committed 73920K, reserved 1179648K
  class space    used 7162K, committed 7936K, reserved 1048576K
}
Event: 151.940 GC heap before
{Heap before GC invocations=1345 (full 4):
 PSYoungGen      total 4096K, used 3762K [0x00000000eab00000, 0x00000000eb100000, 0x0000000100000000)
  eden space 2560K, 98% used [0x00000000eab00000,0x00000000ead74b40,0x00000000ead80000)
  from space 1536K, 81% used [0x00000000ead80000,0x00000000eaeb8070,0x00000000eaf00000)
  to   space 1536K, 0% used [0x00000000eaf80000,0x00000000eaf80000,0x00000000eb100000)
 ParOldGen       total 390656K, used 390644K [0x00000000c0000000, 0x00000000d7d80000, 0x00000000eab00000)
  object space 390656K, 99% used [0x00000000c0000000,0x00000000d7d7d268,0x00000000d7d80000)
 Metaspace       used 72283K, committed 73920K, reserved 1179648K
  class space    used 7168K, committed 7936K, reserved 1048576K
}
Event: 151.945 GC heap after
{Heap after GC invocations=1345 (full 4):
 PSYoungGen      total 4096K, used 628K [0x00000000eab00000, 0x00000000eb080000, 0x0000000100000000)
  eden space 3072K, 0% used [0x00000000eab00000,0x00000000eab00000,0x00000000eae00000)
  from space 1024K, 61% used [0x00000000eaf80000,0x00000000eb01d3b0,0x00000000eb080000)
  to   space 1024K, 0% used [0x00000000eae80000,0x00000000eae80000,0x00000000eaf80000)
 ParOldGen       total 392192K, used 391761K [0x00000000c0000000, 0x00000000d7f00000, 0x00000000eab00000)
  object space 392192K, 99% used [0x00000000c0000000,0x00000000d7e945d8,0x00000000d7f00000)
 Metaspace       used 72283K, committed 73920K, reserved 1179648K
  class space    used 7168K, committed 7936K, reserved 1048576K
}
Event: 152.017 GC heap before
{Heap before GC invocations=1346 (full 4):
 PSYoungGen      total 4096K, used 3700K [0x00000000eab00000, 0x00000000eb080000, 0x0000000100000000)
  eden space 3072K, 100% used [0x00000000eab00000,0x00000000eae00000,0x00000000eae00000)
  from space 1024K, 61% used [0x00000000eaf80000,0x00000000eb01d3b0,0x00000000eb080000)
  to   space 1024K, 0% used [0x00000000eae80000,0x00000000eae80000,0x00000000eaf80000)
 ParOldGen       total 392192K, used 391761K [0x00000000c0000000, 0x00000000d7f00000, 0x00000000eab00000)
  object space 392192K, 99% used [0x00000000c0000000,0x00000000d7e945d8,0x00000000d7f00000)
 Metaspace       used 72289K, committed 73984K, reserved 1179648K
  class space    used 7168K, committed 7936K, reserved 1048576K
}
Event: 152.024 GC heap after
{Heap after GC invocations=1346 (full 4):
 PSYoungGen      total 4608K, used 1022K [0x00000000eab00000, 0x00000000eb300000, 0x0000000100000000)
  eden space 3584K, 0% used [0x00000000eab00000,0x00000000eab00000,0x00000000eae80000)
  from space 1024K, 99% used [0x00000000eae80000,0x00000000eaf7fae8,0x00000000eaf80000)
  to   space 2048K, 0% used [0x00000000eb100000,0x00000000eb100000,0x00000000eb300000)
 ParOldGen       total 392704K, used 392433K [0x00000000c0000000, 0x00000000d7f80000, 0x00000000eab00000)
  object space 392704K, 99% used [0x00000000c0000000,0x00000000d7f3c6a8,0x00000000d7f80000)
 Metaspace       used 72289K, committed 73984K, reserved 1179648K
  class space    used 7168K, committed 7936K, reserved 1048576K
}
Event: 152.064 GC heap before
{Heap before GC invocations=1347 (full 4):
 PSYoungGen      total 4608K, used 4605K [0x00000000eab00000, 0x00000000eb300000, 0x0000000100000000)
  eden space 3584K, 99% used [0x00000000eab00000,0x00000000eae7fbf0,0x00000000eae80000)
  from space 1024K, 99% used [0x00000000eae80000,0x00000000eaf7fae8,0x00000000eaf80000)
  to   space 2048K, 0% used [0x00000000eb100000,0x00000000eb100000,0x00000000eb300000)
 ParOldGen       total 392704K, used 392433K [0x00000000c0000000, 0x00000000d7f80000, 0x00000000eab00000)
  object space 392704K, 99% used [0x00000000c0000000,0x00000000d7f3c6a8,0x00000000d7f80000)
 Metaspace       used 72446K, committed 74112K, reserved 1179648K
  class space    used 7176K, committed 7936K, reserved 1048576K
}
Event: 152.073 GC heap after
{Heap after GC invocations=1347 (full 4):
 PSYoungGen      total 6144K, used 1263K [0x00000000eab00000, 0x00000000eb280000, 0x0000000100000000)
  eden space 4608K, 0% used [0x00000000eab00000,0x00000000eab00000,0x00000000eaf80000)
  from space 1536K, 82% used [0x00000000eb100000,0x00000000eb23bd30,0x00000000eb280000)
  to   space 1536K, 0% used [0x00000000eaf80000,0x00000000eaf80000,0x00000000eb100000)
 ParOldGen       total 393728K, used 393383K [0x00000000c0000000, 0x00000000d8080000, 0x00000000eab00000)
  object space 393728K, 99% used [0x00000000c0000000,0x00000000d8029d30,0x00000000d8080000)
 Metaspace       used 72446K, committed 74112K, reserved 1179648K
  class space    used 7176K, committed 7936K, reserved 1048576K
}
Event: 152.173 GC heap before
{Heap before GC invocations=1348 (full 4):
 PSYoungGen      total 6144K, used 5871K [0x00000000eab00000, 0x00000000eb280000, 0x0000000100000000)
  eden space 4608K, 100% used [0x00000000eab00000,0x00000000eaf80000,0x00000000eaf80000)
  from space 1536K, 82% used [0x00000000eb100000,0x00000000eb23bd30,0x00000000eb280000)
  to   space 1536K, 0% used [0x00000000eaf80000,0x00000000eaf80000,0x00000000eb100000)
 ParOldGen       total 393728K, used 393383K [0x00000000c0000000, 0x00000000d8080000, 0x00000000eab00000)
  object space 393728K, 99% used [0x00000000c0000000,0x00000000d8029d30,0x00000000d8080000)
 Metaspace       used 72501K, committed 74176K, reserved 1179648K
  class space    used 7194K, committed 7936K, reserved 1048576K
}
Event: 152.177 GC heap after
{Heap after GC invocations=1348 (full 4):
 PSYoungGen      total 6144K, used 575K [0x00000000eab00000, 0x00000000eb280000, 0x0000000100000000)
  eden space 4608K, 0% used [0x00000000eab00000,0x00000000eab00000,0x00000000eaf80000)
  from space 1536K, 37% used [0x00000000eaf80000,0x00000000eb00fcb0,0x00000000eb100000)
  to   space 1024K, 0% used [0x00000000eb180000,0x00000000eb180000,0x00000000eb280000)
 ParOldGen       total 394752K, used 394456K [0x00000000c0000000, 0x00000000d8180000, 0x00000000eab00000)
  object space 394752K, 99% used [0x00000000c0000000,0x00000000d81363f0,0x00000000d8180000)
 Metaspace       used 72501K, committed 74176K, reserved 1179648K
  class space    used 7194K, committed 7936K, reserved 1048576K
}
Event: 152.316 GC heap before
{Heap before GC invocations=1349 (full 4):
 PSYoungGen      total 6144K, used 5183K [0x00000000eab00000, 0x00000000eb280000, 0x0000000100000000)
  eden space 4608K, 100% used [0x00000000eab00000,0x00000000eaf80000,0x00000000eaf80000)
  from space 1536K, 37% used [0x00000000eaf80000,0x00000000eb00fcb0,0x00000000eb100000)
  to   space 1024K, 0% used [0x00000000eb180000,0x00000000eb180000,0x00000000eb280000)
 ParOldGen       total 394752K, used 394456K [0x00000000c0000000, 0x00000000d8180000, 0x00000000eab00000)
  object space 394752K, 99% used [0x00000000c0000000,0x00000000d81363f0,0x00000000d8180000)
 Metaspace       used 72568K, committed 74240K, reserved 1179648K
  class space    used 7195K, committed 7936K, reserved 1048576K
}
Event: 152.322 GC heap after
{Heap after GC invocations=1349 (full 4):
 PSYoungGen      total 5632K, used 788K [0x00000000eab00000, 0x00000000eb280000, 0x0000000100000000)
  eden space 4608K, 0% used [0x00000000eab00000,0x00000000eab00000,0x00000000eaf80000)
  from space 1024K, 77% used [0x00000000eb180000,0x00000000eb245200,0x00000000eb280000)
  to   space 1024K, 0% used [0x00000000eb080000,0x00000000eb080000,0x00000000eb180000)
 ParOldGen       total 395264K, used 394921K [0x00000000c0000000, 0x00000000d8200000, 0x00000000eab00000)
  object space 395264K, 99% used [0x00000000c0000000,0x00000000d81aa420,0x00000000d8200000)
 Metaspace       used 72568K, committed 74240K, reserved 1179648K
  class space    used 7195K, committed 7936K, reserved 1048576K
}
Event: 152.655 GC heap before
{Heap before GC invocations=1350 (full 4):
 PSYoungGen      total 5632K, used 5396K [0x00000000eab00000, 0x00000000eb280000, 0x0000000100000000)
  eden space 4608K, 100% used [0x00000000eab00000,0x00000000eaf80000,0x00000000eaf80000)
  from space 1024K, 77% used [0x00000000eb180000,0x00000000eb245200,0x00000000eb280000)
  to   space 1024K, 0% used [0x00000000eb080000,0x00000000eb080000,0x00000000eb180000)
 ParOldGen       total 395264K, used 394921K [0x00000000c0000000, 0x00000000d8200000, 0x00000000eab00000)
  object space 395264K, 99% used [0x00000000c0000000,0x00000000d81aa420,0x00000000d8200000)
 Metaspace       used 72590K, committed 74240K, reserved 1179648K
  class space    used 7199K, committed 7936K, reserved 1048576K
}
Event: 152.662 GC heap after
{Heap after GC invocations=1350 (full 4):
 PSYoungGen      total 5632K, used 908K [0x00000000eab00000, 0x00000000eb200000, 0x0000000100000000)
  eden space 4608K, 0% used [0x00000000eab00000,0x00000000eab00000,0x00000000eaf80000)
  from space 1024K, 88% used [0x00000000eb080000,0x00000000eb1631c0,0x00000000eb180000)
  to   space 512K, 0% used [0x00000000eb180000,0x00000000eb180000,0x00000000eb200000)
 ParOldGen       total 395776K, used 395682K [0x00000000c0000000, 0x00000000d8280000, 0x00000000eab00000)
  object space 395776K, 99% used [0x00000000c0000000,0x00000000d82688b0,0x00000000d8280000)
 Metaspace       used 72590K, committed 74240K, reserved 1179648K
  class space    used 7199K, committed 7936K, reserved 1048576K
}

